<?xml version="1.0" encoding="UTF-8"?>
<testng-results skipped="0" failed="0" ignored="0" total="1" passed="1">
  <reporter-output>
  </reporter-output>
  <suite name="Suite" duration-ms="39761" started-at="2019-09-24T08:04:45Z" finished-at="2019-09-24T08:05:25Z">
    <groups>
    </groups>
    <test name="Test" duration-ms="39761" started-at="2019-09-24T08:04:45Z" finished-at="2019-09-24T08:05:25Z">
      <class name="webdriver.Login">
        <test-method status="PASS" signature="t()[pri:0, instance:webdriver.Login@23223dd8]" name="t" duration-ms="39402" started-at="2019-09-24T08:04:45Z" finished-at="2019-09-24T08:05:25Z">
          <reporter-output>
          </reporter-output>
        </test-method> <!-- t -->
      </class> <!-- webdriver.Login -->
    </test> <!-- Test -->
  </suite> <!-- Suite -->
</testng-results>
